<?xml version="1.0" encoding="UTF-8"?>
<!-- Generated by org.testng.reporters.JUnitXMLReporter -->
<testsuite ignored="0" hostname="ATMECSINLT-744" failures="0" tests="3" name="Default test" time="227.891" errors="0" timestamp="05 Jun 2020 15:28:17 GMT">
  <testcase classname="com.atmecs.api.testscripts.get.typicode.TypiCode" name="tc01GetCountofAllUsers" time="115.738"/>
  <testcase classname="com.atmecs.api.testscripts.get.typicode.TypiCode" name="tc02GetUserCountById" time="25.684"/>
  <testcase classname="com.atmecs.api.testscripts.get.typicode.TypiCode" name="tc03GetAllIdsWithParticularUserId" time="86.413"/>
</testsuite> <!-- Default test -->
