<?xml version="1.0" encoding="UTF-8"?>
<!-- Generated by org.testng.reporters.JUnitXMLReporter -->
<testsuite ignored="0" hostname="ATMECSINLT-744" failures="0" tests="7" name="Test Cases of for GET end points with Diff Auth" time="65.42" errors="0" timestamp="05 Jun 2020 15:16:57 GMT">
  <testcase classname="com.atmecs.api.testscripts.get.oauth2.googleapitasks.GmailAPI" name="tc01getGmailDraftsList" time="3.524"/>
  <testcase classname="com.atmecs.api.testscripts.get.oauth2.googleapitasks.GmailAPI" name="tc02getParticularGmailDraftByID" time="1.427"/>
  <testcase classname="com.atmecs.api.testscripts.get.oauth2.googleapitasks.GmailAPI" name="tc03CreateNewDraft" time="1.536"/>
  <testcase classname="com.atmecs.api.testscripts.get.typicode.TypiCode" name="tc01GetCountofAllUsers" time="17.921"/>
  <testcase classname="com.atmecs.api.testscripts.get.typicode.TypiCode" name="tc02GetUserCountById" time="12.927"/>
  <testcase classname="com.atmecs.api.testscripts.get.typicode.TypiCode" name="tc03GetAllIdsWithParticularUserId" time="25.322"/>
  <testcase classname="com.atmecs.api.testscripts.post.noauth.restapiexample.DummyRestAPI" name="tc02getAllEmployeeDetails" time="2.715"/>
</testsuite> <!-- Test Cases of for GET end points with Diff Auth -->
