<?xml version="1.0" encoding="UTF-8"?>
<!-- Generated by org.testng.reporters.JUnitXMLReporter -->
<testsuite ignored="0" hostname="ATMECSINLT-744" failures="0" tests="7" name="Test Cases of for GET end points with Diff Auth" time="34.094" errors="0" timestamp="05 Jun 2020 15:57:42 GMT">
  <testcase classname="com.atmecs.api.testscripts.oauth2.gmail.GmailAPI" name="tc01getGmailDraftsList" time="3.829"/>
  <testcase classname="com.atmecs.api.testscripts.oauth2.gmail.GmailAPI" name="tc02getParticularGmailDraftByID" time="1.254"/>
  <testcase classname="com.atmecs.api.testscripts.oauth2.gmail.GmailAPI" name="tc03CreateNewDraft" time="1.796"/>
  <testcase classname="com.atmecs.api.testscripts.noauth.restapiexample.DummyRestAPI" name="tc01GetAndValidateNewResourceCreation" time="5.341"/>
  <testcase classname="com.atmecs.api.testscripts.typicode.TypiCode" name="tc01GetCountofAllUsers" time="6.976"/>
  <testcase classname="com.atmecs.api.testscripts.typicode.TypiCode" name="tc02GetUserCountById" time="6.142"/>
  <testcase classname="com.atmecs.api.testscripts.typicode.TypiCode" name="tc03GetAllIdsWithParticularUserId" time="8.705"/>
</testsuite> <!-- Test Cases of for GET end points with Diff Auth -->
