<?xml version="1.0" encoding="UTF-8"?>
<testng-results ignored="0" total="1" passed="1" failed="0" skipped="0">
  <reporter-output>
  </reporter-output>
  <suite started-at="2020-05-22T03:22:38Z" name="Default suite" finished-at="2020-05-22T03:22:38Z" duration-ms="59">
    <groups>
    </groups>
    <test started-at="2020-05-22T03:22:38Z" name="Default test" finished-at="2020-05-22T03:22:38Z" duration-ms="59">
      <class name="com.atmecs.practice.automation.testscripts.builder.test.TestBuilderPattern">
        <test-method signature="execute()[pri:0, instance:com.atmecs.practice.automation.testscripts.builder.test.TestBuilderPattern@2638011]" started-at="2020-05-22T03:22:38Z" name="execute" finished-at="2020-05-22T03:22:38Z" duration-ms="20" status="PASS">
          <reporter-output>
          </reporter-output>
        </test-method> <!-- execute -->
      </class> <!-- com.atmecs.practice.automation.testscripts.builder.test.TestBuilderPattern -->
    </test> <!-- Default test -->
  </suite> <!-- Default suite -->
</testng-results>
